[debug] [2025-03-22T10:20:03.769Z] ----------------------------------------------------------------------
[debug] [2025-03-22T10:20:03.773Z] Command:       C:\Program Files\nodejs\node.exe C:\Users\rdhak\AppData\Roaming\npm\node_modules\firebase-tools\lib\bin\firebase.js init
[debug] [2025-03-22T10:20:03.774Z] CLI Version:   13.29.1
[debug] [2025-03-22T10:20:03.774Z] Platform:      win32
[debug] [2025-03-22T10:20:03.774Z] Node Version:  v20.17.0
[debug] [2025-03-22T10:20:03.774Z] Time:          Sat Mar 22 2025 15:50:03 GMT+0530 (India Standard Time)
[debug] [2025-03-22T10:20:03.775Z] ----------------------------------------------------------------------
[debug] 
[debug] [2025-03-22T10:20:03.779Z] >>> [apiv2][query] GET https://firebase-public.firebaseio.com/cli.json [none]
[debug] [2025-03-22T10:20:03.840Z] > command requires scopes: ["email","openid","https://www.googleapis.com/auth/cloudplatformprojects.readonly","https://www.googleapis.com/auth/firebase","https://www.googleapis.com/auth/cloud-platform"]
[debug] [2025-03-22T10:20:03.840Z] > authorizing via signed-in user (rtech3388@gmail.com)
[info] 
     ######## #### ########  ######## ########     ###     ######  ########
     ##        ##  ##     ## ##       ##     ##  ##   ##  ##       ##
     ######    ##  ########  ######   ########  #########  ######  ######
     ##        ##  ##    ##  ##       ##     ## ##     ##       ## ##
     ##       #### ##     ## ######## ########  ##     ##  ######  ########

You're about to initialize a Firebase project in this directory:

  D:\kitstire\property_web

[debug] [2025-03-22T10:20:04.570Z] <<< [apiv2][status] GET https://firebase-public.firebaseio.com/cli.json 200
[debug] [2025-03-22T10:20:04.570Z] <<< [apiv2][body] GET https://firebase-public.firebaseio.com/cli.json {"cloudBuildErrorAfter":1594252800000,"cloudBuildWarnAfter":1590019200000,"defaultNode10After":1594252800000,"minVersion":"3.0.5","node8DeploysDisabledAfter":1613390400000,"node8RuntimeDisabledAfter":1615809600000,"node8WarnAfter":1600128000000}
